#
# There is insufficient memory for the Java Runtime Environment to continue.
# Native memory allocation (malloc) failed to allocate 1048576 bytes for AllocateHeap
# Possible reasons:
#   The system is out of physical RAM or swap space
#   The process is running with CompressedOops enabled, and the Java Heap may be blocking the growth of the native heap
# Possible solutions:
#   Reduce memory load on the system
#   Increase physical memory or swap space
#   Check if swap backing store is full
#   Decrease Java heap size (-Xmx/-Xms)
#   Decrease number of Java threads
#   Decrease Java thread stack sizes (-Xss)
#   Set larger code cache with -XX:ReservedCodeCacheSize=
#   JVM is running with Unscaled Compressed Oops mode in which the Java heap is
#     placed in the first 4GB address space. The Java Heap base address is the
#     maximum limit for the native heap growth. Please use -XX:HeapBaseMinAddress
#     to set the Java Heap base and to place the Java Heap above 4GB virtual address.
# This output file may be truncated or incomplete.
#
#  Out of Memory Error (memory/allocation.inline.hpp:61), pid=9936, tid=0x00000000000002e0
#
# JRE version:  (8.0_281-b09) (build )
# Java VM: Java HotSpot(TM) 64-Bit Server VM (25.281-b09 mixed mode windows-amd64 compressed oops)
# Failed to write core dump. Minidumps are not enabled by default on client versions of Windows
#

---------------  T H R E A D  ---------------

Current thread (0x000001f6c8789800):  JavaThread "Unknown thread" [_thread_in_vm, id=736, stack(0x000000a621b00000,0x000000a621c00000)]

Stack: [0x000000a621b00000,0x000000a621c00000]
Native frames: (J=compiled Java code, j=interpreted, Vv=VM code, C=native code)
V  [jvm.dll+0x32e5b9]
V  [jvm.dll+0x275012]
V  [jvm.dll+0x275cbd]
V  [jvm.dll+0x26c6f5]
V  [jvm.dll+0x509d]
V  [jvm.dll+0x3c8d4d]
V  [jvm.dll+0x3c9aca]
V  [jvm.dll+0x3c5a67]
V  [jvm.dll+0xfcaaf]
V  [jvm.dll+0x209a1b]
V  [jvm.dll+0x2383d7]
V  [jvm.dll+0x162566]
C  [java.exe+0x2312]
C  [java.exe+0x15f54]
C  [KERNEL32.DLL+0x17614]
C  [ntdll.dll+0x526a1]


---------------  P R O C E S S  ---------------

Java Threads: ( => current thread )

Other Threads:

=>0x000001f6c8789800 (exited) JavaThread "Unknown thread" [_thread_in_vm, id=736, stack(0x000000a621b00000,0x000000a621c00000)]

VM state:not at safepoint (normal execution)

VM Mutex/Monitor currently owned by a thread: None

heap address: 0x0000000081400000, size: 2028 MB, Compressed Oops mode: 32-bit
Narrow klass base: 0x0000000000000000, Narrow klass shift: 3
Compressed class space size: 1073741824 Address: 0x0000000100000000

Heap:
 PSYoungGen      total 38400K, used 665K [0x00000000d5c00000, 0x00000000d8680000, 0x0000000100000000)
  eden space 33280K, 2% used [0x00000000d5c00000,0x00000000d5ca6670,0x00000000d7c80000)
  from space 5120K, 0% used [0x00000000d8180000,0x00000000d8180000,0x00000000d8680000)
  to   space 5120K, 0% used [0x00000000d7c80000,0x00000000d7c80000,0x00000000d8180000)
 ParOldGen       total 87552K, used 0K [0x0000000081400000, 0x0000000086980000, 0x00000000d5c00000)
  object space 87552K, 0% used [0x0000000081400000,0x0000000081400000,0x0000000086980000)
 Metaspace       used 777K, capacity 4480K, committed 4480K, reserved 1056768K
  class space    used 76K, capacity 384K, committed 384K, reserved 1048576K

Card table byte_map: [0x000001f6d94e0000,0x000001f6d98e0000] byte_map_base: 0x000001f6d90d6000

Marking Bits: (ParMarkBitMap*) 0x00000000759f6ff0
 Begin Bits: [0x000001f6d9b90000, 0x000001f6dbb40000)
 End Bits:   [0x000001f6dbb40000, 0x000001f6ddaf0000)

Polling page: 0x000001f6c8940000

CodeCache: size=245760Kb used=328Kb max_used=328Kb free=245431Kb
 bounds [0x000001f6ca120000, 0x000001f6ca390000, 0x000001f6d9120000]
 total_blobs=58 nmethods=0 adapters=38
 compilation: enabled

Compilation events (0 events):
No events

GC Heap History (0 events):
No events

Deoptimization events (0 events):
No events

Classes redefined (0 events):
No events

Internal exceptions (0 events):
No events

Events (10 events):
Event: 0.018 loading class java/lang/Short
Event: 0.018 loading class java/lang/Short done
Event: 0.018 loading class java/lang/Integer
Event: 0.018 loading class java/lang/Integer done
Event: 0.018 loading class java/lang/Long
Event: 0.018 loading class java/lang/Long done
Event: 0.018 loading class java/lang/NullPointerException
Event: 0.018 loading class java/lang/NullPointerException done
Event: 0.018 loading class java/lang/ArithmeticException
Event: 0.018 loading class java/lang/ArithmeticException done


Dynamic libraries:
0x00007ff733ff0000 - 0x00007ff734037000 	C:\Program Files\Java\jdk1.8.0_281\bin\java.exe
0x00007ffb45950000 - 0x00007ffb45b48000 	C:\Windows\SYSTEM32\ntdll.dll
0x00007ffb441d0000 - 0x00007ffb4428f000 	C:\Windows\System32\KERNEL32.DLL
0x00007ffb432f0000 - 0x00007ffb435c2000 	C:\Windows\System32\KERNELBASE.dll
0x00007ffb447b0000 - 0x00007ffb4485e000 	C:\Windows\System32\ADVAPI32.dll
0x00007ffb43f80000 - 0x00007ffb4401e000 	C:\Windows\System32\msvcrt.dll
0x00007ffb45570000 - 0x00007ffb4560c000 	C:\Windows\System32\sechost.dll
0x00007ffb44860000 - 0x00007ffb44984000 	C:\Windows\System32\RPCRT4.dll
0x00007ffb44020000 - 0x00007ffb441c1000 	C:\Windows\System32\USER32.dll
0x00007ffb432c0000 - 0x00007ffb432e2000 	C:\Windows\System32\win32u.dll
0x00007ffb458e0000 - 0x00007ffb4590b000 	C:\Windows\System32\GDI32.dll
0x00007ffb431b0000 - 0x00007ffb432bf000 	C:\Windows\System32\gdi32full.dll
0x00007ffb43050000 - 0x00007ffb430ed000 	C:\Windows\System32\msvcp_win.dll
0x00007ffb43680000 - 0x00007ffb43780000 	C:\Windows\System32\ucrtbase.dll
0x00007ffb2c5e0000 - 0x00007ffb2c87a000 	C:\Windows\WinSxS\amd64_microsoft.windows.common-controls_6595b64144ccf1df_6.0.19041.1110_none_60b5254171f9507e\COMCTL32.dll
0x00007ffb45840000 - 0x00007ffb45870000 	C:\Windows\System32\IMM32.DLL
0x00007ffb3bbe0000 - 0x00007ffb3bbf5000 	C:\Program Files\Java\jdk1.8.0_281\jre\bin\vcruntime140.dll
0x00007ffb2fe30000 - 0x00007ffb2fecb000 	C:\Program Files\Java\jdk1.8.0_281\jre\bin\msvcp140.dll
0x0000000075210000 - 0x0000000075a6f000 	C:\Program Files\Java\jdk1.8.0_281\jre\bin\server\jvm.dll
0x00007ffb45610000 - 0x00007ffb45618000 	C:\Windows\System32\PSAPI.DLL
0x00007ffb34d10000 - 0x00007ffb34d37000 	C:\Windows\SYSTEM32\WINMM.dll
0x00007ffb3bb10000 - 0x00007ffb3bb1a000 	C:\Windows\SYSTEM32\VERSION.dll
0x00007ffb32300000 - 0x00007ffb32309000 	C:\Windows\SYSTEM32\WSOCK32.dll
0x00007ffb45870000 - 0x00007ffb458db000 	C:\Windows\System32\WS2_32.dll
0x00007ffb40f30000 - 0x00007ffb40f42000 	C:\Windows\SYSTEM32\kernel.appcore.dll
0x00007ffb3dbb0000 - 0x00007ffb3dbc0000 	C:\Program Files\Java\jdk1.8.0_281\jre\bin\verify.dll
0x00007ffb38b90000 - 0x00007ffb38bbb000 	C:\Program Files\Java\jdk1.8.0_281\jre\bin\java.dll
0x00007ffb2fe10000 - 0x00007ffb2fe28000 	C:\Program Files\Java\jdk1.8.0_281\jre\bin\zip.dll
0x00007ffb308a0000 - 0x00007ffb30a84000 	C:\Windows\SYSTEM32\dbghelp.dll
0x00007ffb430f0000 - 0x00007ffb43172000 	C:\Windows\System32\bcryptPrimitives.dll

VM Arguments:
java_command: PruebaRadio
java_class_path (initial): C:\Users\Usuario\AppData\Roaming\Code\User\workspaceStorage\ef987df52062bcc8a084995329b23e1a\redhat.java\jdt_ws\Curso Java_403c6739\bin
Launcher Type: SUN_STANDARD

Environment Variables:
JAVA_HOME=C:\Progra~1\Java\jdk1.8.0_281
PATH=C:\Program Files (x86)\Common Files\Oracle\Java\javapath;C:\Program Files\Common Files\Oracle\Java\javapath;C:\Program Files\Java\jdk-11.0.10;C:\Windows\system32;C:\Windows;C:\Windows\System32\Wbem;C:\Windows\System32\WindowsPowerShell\v1.0\;C:\Windows\System32\OpenSSH\;C:\Program Files (x86)\NVIDIA Corporation\PhysX\Common;C:\Program Files\NVIDIA Corporation\NVIDIA NvDLISR;C:\Program Files\Java\jdk-11.0.10\bin;C:\Program Files\Microsoft SQL Server\Client SDK\ODBC\170\Tools\Binn\;C:\Program Files\dotnet\;C:\xampp\php;C:\composer;C:\Program Files\Java\jdk-11.0.10\bin;%HADOOP_HOME%\bin;C:\hive\bin;C:\derby\bin;C:\Program Files (x86)\dotnet\;C:\Program Files (x86)\Microsoft SQL Server\150\DTS\Binn\;C:\Program Files (x86)\Microsoft SQL Server\110\DTS\Binn\;C:\Program Files (x86)\Microsoft SQL Server\120\DTS\Binn\;C:\Program Files (x86)\Microsoft SQL Server\130\DTS\Binn\;C:\Program Files (x86)\Microsoft SQL Server\140\DTS\Binn\;C:\Program Files (x86)\Microsoft SQL Server\160\DTS\Binn\;%NVM_HOME%;%NVM_SYMLINK%;C:\Program Files\Microsoft SQL Server\130\Tools\Binn\;C:\Users\Usuario\scoop\shims;D:\python3.6\Scripts\;D:\python3.6\;C:\Users\Usuario\AppData\Local\Programs\Python\Python310\Scripts\;C:\Users\Usuario\AppData\Local\Programs\Python\Python310\;C:\Users\Usuario\AppData\Local\Programs\Python\Python39\Scripts\;C:\Users\Usuario\AppData\Local\Programs\Python\Python39\;C:\Users\Usuario\AppData\Local\Microsoft\WindowsApps;C:\Users\Usuario\AppData\Local\Programs\Microsoft VS Code\bin;C:\Program Files\Azure Data Studio\bin;C:\Users\Usuario\.dotnet\tools;C:\Program Files\JetBrains\PyCharm Community Edition 2021.2.2\bin;C:\Users\Usuario\AppData\Roaming\Composer\vendor\bin;C:\Program Files\Azure Data Studio\bin;C:\Users\Usuario\AppData\Roaming\nvm;C:\Program Files\nodejs
USERNAME=Usuario
OS=Windows_NT
PROCESSOR_IDENTIFIER=Intel64 Family 6 Model 165 Stepping 3, GenuineIntel



---------------  S Y S T E M  ---------------

OS: Windows 10.0 , 64 bit Build 19041 (10.0.19041.2546)

CPU:total 12 (initial active 12) (6 cores per cpu, 2 threads per core) family 6 model 165 stepping 3, cmov, cx8, fxsr, mmx, sse, sse2, sse3, ssse3, sse4.1, sse4.2, popcnt, avx, avx2, aes, clmul, erms, 3dnowpref, lzcnt, ht, tsc, tscinvbit, bmi1, bmi2, adx

Memory: 4k page, physical 8299308k(467932k free), swap 33465132k(5504k free)

vm_info: Java HotSpot(TM) 64-Bit Server VM (25.281-b09) for windows-amd64 JRE (1.8.0_281-b09), built on Dec  9 2020 13:54:07 by "" with MS VC++ 15.9 (VS2017)

time: Fri Mar 31 18:14:03 2023
timezone: Hora est. Pacífico, Sudamérica
elapsed time: 0.075940 seconds (0d 0h 0m 0s)

